2020-08-02 15:17:09,927 - INFO - allennlp.common.params - random_seed = 13370
2020-08-02 15:17:09,928 - INFO - allennlp.common.params - numpy_seed = 1337
2020-08-02 15:17:09,928 - INFO - allennlp.common.params - pytorch_seed = 133
2020-08-02 15:17:09,932 - INFO - allennlp.common.checks - Pytorch version: 1.5.0
2020-08-02 15:17:09,933 - INFO - allennlp.common.params - type = default
2020-08-02 15:17:09,934 - INFO - allennlp.common.params - dataset_reader.type = rcc-ner
2020-08-02 15:17:09,934 - INFO - allennlp.common.params - dataset_reader.token_indexers.token_characters.type = characters
2020-08-02 15:17:09,935 - INFO - allennlp.common.params - dataset_reader.token_indexers.token_characters.namespace = token_characters
2020-08-02 15:17:09,935 - INFO - allennlp.common.params - dataset_reader.token_indexers.token_characters.character_tokenizer.byte_encoding = None
2020-08-02 15:17:09,935 - INFO - allennlp.common.params - dataset_reader.token_indexers.token_characters.character_tokenizer.lowercase_characters = False
2020-08-02 15:17:09,935 - INFO - allennlp.common.params - dataset_reader.token_indexers.token_characters.character_tokenizer.start_tokens = None
2020-08-02 15:17:09,935 - INFO - allennlp.common.params - dataset_reader.token_indexers.token_characters.character_tokenizer.end_tokens = ['@@PADDING@@', '@@PADDING@@']
2020-08-02 15:17:09,936 - INFO - allennlp.common.params - dataset_reader.token_indexers.token_characters.start_tokens = None
2020-08-02 15:17:09,936 - INFO - allennlp.common.params - dataset_reader.token_indexers.token_characters.end_tokens = None
2020-08-02 15:17:09,936 - INFO - allennlp.common.params - dataset_reader.token_indexers.token_characters.min_padding_length = 0
2020-08-02 15:17:09,936 - INFO - allennlp.common.params - dataset_reader.token_indexers.token_characters.token_min_padding_length = 0
2020-08-02 15:17:09,938 - INFO - allennlp.common.params - dataset_reader.token_indexers.tokens.type = single_id
2020-08-02 15:17:09,938 - INFO - allennlp.common.params - dataset_reader.token_indexers.tokens.namespace = tokens
2020-08-02 15:17:09,938 - INFO - allennlp.common.params - dataset_reader.token_indexers.tokens.lowercase_tokens = False
2020-08-02 15:17:09,938 - INFO - allennlp.common.params - dataset_reader.token_indexers.tokens.start_tokens = None
2020-08-02 15:17:09,938 - INFO - allennlp.common.params - dataset_reader.token_indexers.tokens.end_tokens = None
2020-08-02 15:17:09,938 - INFO - allennlp.common.params - dataset_reader.token_indexers.tokens.feature_name = text
2020-08-02 15:17:09,938 - INFO - allennlp.common.params - dataset_reader.token_indexers.tokens.default_value = THIS IS A REALLY UNLIKELY VALUE THAT HAS TO BE A STRING
2020-08-02 15:17:09,939 - INFO - allennlp.common.params - dataset_reader.token_indexers.tokens.token_min_padding_length = 0
2020-08-02 15:17:09,939 - INFO - allennlp.common.params - dataset_reader.tag_label = ner
2020-08-02 15:17:09,939 - INFO - allennlp.common.params - dataset_reader.feature_labels = ()
2020-08-02 15:17:09,939 - INFO - allennlp.common.params - dataset_reader.lazy = False
2020-08-02 15:17:09,939 - INFO - allennlp.common.params - dataset_reader.percent_negatives = 30
2020-08-02 15:17:09,939 - INFO - allennlp.common.params - dataset_reader.cutoff_sentence_length = 40
2020-08-02 15:17:09,939 - INFO - allennlp.common.params - dataset_reader.coding_scheme = BIOUL
2020-08-02 15:17:09,939 - INFO - allennlp.common.params - dataset_reader.filter_sections = False
2020-08-02 15:17:09,939 - INFO - allennlp.common.params - train_data_path = data.new/train_concat.conll
2020-08-02 15:17:09,940 - INFO - allennlp.common.params - vocabulary = None
2020-08-02 15:17:09,940 - INFO - allennlp.common.params - datasets_for_vocab_creation = None
2020-08-02 15:17:09,940 - INFO - allennlp.common.params - validation_dataset_reader.type = conll2003
2020-08-02 15:17:09,941 - INFO - allennlp.common.params - validation_dataset_reader.lazy = False
2020-08-02 15:17:09,941 - INFO - allennlp.common.params - validation_dataset_reader.cache_directory = None
2020-08-02 15:17:09,941 - INFO - allennlp.common.params - validation_dataset_reader.max_instances = None
2020-08-02 15:17:09,941 - INFO - allennlp.common.params - validation_dataset_reader.token_indexers.token_characters.type = characters
2020-08-02 15:17:09,941 - INFO - allennlp.common.params - validation_dataset_reader.token_indexers.token_characters.namespace = token_characters
2020-08-02 15:17:09,942 - INFO - allennlp.common.params - validation_dataset_reader.token_indexers.token_characters.character_tokenizer.byte_encoding = None
2020-08-02 15:17:09,942 - INFO - allennlp.common.params - validation_dataset_reader.token_indexers.token_characters.character_tokenizer.lowercase_characters = False
2020-08-02 15:17:09,942 - INFO - allennlp.common.params - validation_dataset_reader.token_indexers.token_characters.character_tokenizer.start_tokens = None
2020-08-02 15:17:09,942 - INFO - allennlp.common.params - validation_dataset_reader.token_indexers.token_characters.character_tokenizer.end_tokens = ['@@PADDING@@', '@@PADDING@@']
2020-08-02 15:17:09,942 - INFO - allennlp.common.params - validation_dataset_reader.token_indexers.token_characters.start_tokens = None
2020-08-02 15:17:09,942 - INFO - allennlp.common.params - validation_dataset_reader.token_indexers.token_characters.end_tokens = None
2020-08-02 15:17:09,943 - INFO - allennlp.common.params - validation_dataset_reader.token_indexers.token_characters.min_padding_length = 0
2020-08-02 15:17:09,943 - INFO - allennlp.common.params - validation_dataset_reader.token_indexers.token_characters.token_min_padding_length = 0
2020-08-02 15:17:09,943 - INFO - allennlp.common.params - validation_dataset_reader.token_indexers.tokens.type = single_id
2020-08-02 15:17:09,943 - INFO - allennlp.common.params - validation_dataset_reader.token_indexers.tokens.namespace = tokens
2020-08-02 15:17:09,943 - INFO - allennlp.common.params - validation_dataset_reader.token_indexers.tokens.lowercase_tokens = False
2020-08-02 15:17:09,943 - INFO - allennlp.common.params - validation_dataset_reader.token_indexers.tokens.start_tokens = None
2020-08-02 15:17:09,943 - INFO - allennlp.common.params - validation_dataset_reader.token_indexers.tokens.end_tokens = None
2020-08-02 15:17:09,943 - INFO - allennlp.common.params - validation_dataset_reader.token_indexers.tokens.feature_name = text
2020-08-02 15:17:09,944 - INFO - allennlp.common.params - validation_dataset_reader.token_indexers.tokens.default_value = THIS IS A REALLY UNLIKELY VALUE THAT HAS TO BE A STRING
2020-08-02 15:17:09,944 - INFO - allennlp.common.params - validation_dataset_reader.token_indexers.tokens.token_min_padding_length = 0
2020-08-02 15:17:09,944 - INFO - allennlp.common.params - validation_dataset_reader.tag_label = ner
2020-08-02 15:17:09,944 - INFO - allennlp.common.params - validation_dataset_reader.feature_labels = ()
2020-08-02 15:17:09,944 - INFO - allennlp.common.params - validation_dataset_reader.coding_scheme = BIOUL
2020-08-02 15:17:09,944 - INFO - allennlp.common.params - validation_dataset_reader.label_namespace = labels
2020-08-02 15:17:09,944 - INFO - allennlp.common.params - validation_data_path = data.new/dev_concat.conll
2020-08-02 15:17:09,944 - INFO - allennlp.common.params - validation_data_loader = None
2020-08-02 15:17:09,944 - INFO - allennlp.common.params - test_data_path = data.new/test_concat.conll
2020-08-02 15:17:09,944 - INFO - allennlp.common.params - evaluate_on_test = True
2020-08-02 15:17:09,944 - INFO - allennlp.training.util - Reading training data from data.new/train_concat.conll
2020-08-02 15:17:09,945 - INFO - ner_rcc.rcc_ner - Reading instances from lines in file at: data.new/train_concat.conll
2020-08-02 15:17:14,281 - INFO - allennlp.training.util - Reading validation data from data.new/dev_concat.conll
2020-08-02 15:17:14,282 - INFO - allennlp.data.dataset_readers.conll2003 - Reading instances from lines in file at: data.new/dev_concat.conll
2020-08-02 15:17:16,780 - INFO - allennlp.training.util - Reading test data from data.new/test_concat.conll
2020-08-02 15:17:16,780 - INFO - allennlp.data.dataset_readers.conll2003 - Reading instances from lines in file at: data.new/test_concat.conll
2020-08-02 15:17:18,827 - INFO - allennlp.data.vocabulary - Fitting token dictionary from dataset.
2020-08-02 15:17:29,324 - INFO - allennlp.common.params - model.type = crf_tagger
2020-08-02 15:17:29,325 - INFO - allennlp.common.params - model.regularizer = None
2020-08-02 15:17:29,326 - INFO - allennlp.common.params - model.text_field_embedder.type = basic
2020-08-02 15:17:29,326 - INFO - allennlp.common.params - model.text_field_embedder.token_embedders.token_characters.type = character_encoding
2020-08-02 15:17:29,327 - INFO - allennlp.common.params - model.text_field_embedder.token_embedders.token_characters.embedding.embedding_dim = 16
2020-08-02 15:17:29,327 - INFO - allennlp.common.params - model.text_field_embedder.token_embedders.token_characters.embedding.num_embeddings = None
2020-08-02 15:17:29,327 - INFO - allennlp.common.params - model.text_field_embedder.token_embedders.token_characters.embedding.projection_dim = None
2020-08-02 15:17:29,327 - INFO - allennlp.common.params - model.text_field_embedder.token_embedders.token_characters.embedding.weight = None
2020-08-02 15:17:29,327 - INFO - allennlp.common.params - model.text_field_embedder.token_embedders.token_characters.embedding.padding_index = None
2020-08-02 15:17:29,327 - INFO - allennlp.common.params - model.text_field_embedder.token_embedders.token_characters.embedding.trainable = True
2020-08-02 15:17:29,327 - INFO - allennlp.common.params - model.text_field_embedder.token_embedders.token_characters.embedding.max_norm = None
2020-08-02 15:17:29,327 - INFO - allennlp.common.params - model.text_field_embedder.token_embedders.token_characters.embedding.norm_type = 2.0
2020-08-02 15:17:29,327 - INFO - allennlp.common.params - model.text_field_embedder.token_embedders.token_characters.embedding.scale_grad_by_freq = False
2020-08-02 15:17:29,328 - INFO - allennlp.common.params - model.text_field_embedder.token_embedders.token_characters.embedding.sparse = False
2020-08-02 15:17:29,328 - INFO - allennlp.common.params - model.text_field_embedder.token_embedders.token_characters.embedding.vocab_namespace = tokens
2020-08-02 15:17:29,328 - INFO - allennlp.common.params - model.text_field_embedder.token_embedders.token_characters.embedding.pretrained_file = None
2020-08-02 15:17:29,334 - INFO - allennlp.common.params - model.text_field_embedder.token_embedders.token_characters.encoder.type = cnn
2020-08-02 15:17:29,334 - INFO - allennlp.common.params - model.text_field_embedder.token_embedders.token_characters.encoder.embedding_dim = 16
2020-08-02 15:17:29,335 - INFO - allennlp.common.params - model.text_field_embedder.token_embedders.token_characters.encoder.num_filters = 128
2020-08-02 15:17:29,335 - INFO - allennlp.common.params - model.text_field_embedder.token_embedders.token_characters.encoder.ngram_filter_sizes = [3]
2020-08-02 15:17:29,335 - INFO - allennlp.common.params - model.text_field_embedder.token_embedders.token_characters.encoder.conv_layer_activation = relu
2020-08-02 15:17:29,335 - INFO - allennlp.common.params - type = relu
2020-08-02 15:17:29,335 - INFO - allennlp.common.params - model.text_field_embedder.token_embedders.token_characters.encoder.output_dim = None
2020-08-02 15:17:29,338 - INFO - allennlp.common.params - model.text_field_embedder.token_embedders.token_characters.dropout = 0.0
2020-08-02 15:17:29,339 - INFO - allennlp.common.params - model.text_field_embedder.token_embedders.tokens.type = embedding
2020-08-02 15:17:29,339 - INFO - allennlp.common.params - model.text_field_embedder.token_embedders.tokens.embedding_dim = 300
2020-08-02 15:17:29,339 - INFO - allennlp.common.params - model.text_field_embedder.token_embedders.tokens.num_embeddings = None
2020-08-02 15:17:29,340 - INFO - allennlp.common.params - model.text_field_embedder.token_embedders.tokens.projection_dim = None
2020-08-02 15:17:29,340 - INFO - allennlp.common.params - model.text_field_embedder.token_embedders.tokens.weight = None
2020-08-02 15:17:29,340 - INFO - allennlp.common.params - model.text_field_embedder.token_embedders.tokens.padding_index = None
2020-08-02 15:17:29,340 - INFO - allennlp.common.params - model.text_field_embedder.token_embedders.tokens.trainable = True
2020-08-02 15:17:29,340 - INFO - allennlp.common.params - model.text_field_embedder.token_embedders.tokens.max_norm = None
2020-08-02 15:17:29,341 - INFO - allennlp.common.params - model.text_field_embedder.token_embedders.tokens.norm_type = 2.0
2020-08-02 15:17:29,341 - INFO - allennlp.common.params - model.text_field_embedder.token_embedders.tokens.scale_grad_by_freq = False
2020-08-02 15:17:29,341 - INFO - allennlp.common.params - model.text_field_embedder.token_embedders.tokens.sparse = False
2020-08-02 15:17:29,341 - INFO - allennlp.common.params - model.text_field_embedder.token_embedders.tokens.vocab_namespace = tokens
2020-08-02 15:17:29,341 - INFO - allennlp.common.params - model.text_field_embedder.token_embedders.tokens.pretrained_file = data/glove/glove.840b.300d.txt
2020-08-02 15:17:29,349 - INFO - allennlp.modules.token_embedders.embedding - Reading pretrained embeddings from file
2020-08-02 15:17:40,242 - INFO - allennlp.modules.token_embedders.embedding - Initializing pre-trained embedding layer
2020-08-02 15:17:40,643 - INFO - allennlp.modules.token_embedders.embedding - Pretrained embeddings were found for 20414 out of 36898 tokens
2020-08-02 15:17:40,665 - INFO - allennlp.common.params - model.encoder.type = lstm
2020-08-02 15:17:40,665 - INFO - allennlp.common.params - model.encoder.input_size = 428
2020-08-02 15:17:40,665 - INFO - allennlp.common.params - model.encoder.hidden_size = 200
2020-08-02 15:17:40,665 - INFO - allennlp.common.params - model.encoder.num_layers = 2
2020-08-02 15:17:40,665 - INFO - allennlp.common.params - model.encoder.bias = True
2020-08-02 15:17:40,666 - INFO - allennlp.common.params - model.encoder.dropout = 0.5
2020-08-02 15:17:40,666 - INFO - allennlp.common.params - model.encoder.bidirectional = True
2020-08-02 15:17:40,666 - INFO - allennlp.common.params - model.encoder.stateful = False
2020-08-02 15:17:40,681 - INFO - allennlp.common.params - model.label_namespace = labels
2020-08-02 15:17:40,682 - INFO - allennlp.common.params - model.feedforward = None
2020-08-02 15:17:40,682 - INFO - allennlp.common.params - model.label_encoding = BIOUL
2020-08-02 15:17:40,682 - INFO - allennlp.common.params - model.include_start_end_transitions = False
2020-08-02 15:17:40,682 - INFO - allennlp.common.params - model.constrain_crf_decoding = True
2020-08-02 15:17:40,682 - INFO - allennlp.common.params - model.calculate_span_f1 = True
2020-08-02 15:17:40,682 - INFO - allennlp.common.params - model.dropout = 0.5
2020-08-02 15:17:40,682 - INFO - allennlp.common.params - model.verbose_metrics = False
2020-08-02 15:17:40,683 - INFO - allennlp.common.params - model.initializer.regexes = [['.*tag_projection_layer.*weight', 'xavier_uniform'], ['.*tag_projection_layer.*bias', 'zero'], ['.*feedforward.*weight', 'xavier_uniform'], ['.*feedforward.*bias', 'zero'], ['.*weight_ih.*', 'xavier_uniform'], ['.*weight_hh.*', 'orthogonal'], ['.*bias_ih.*', 'zero'], ['.*bias_hh.*', 'lstm_hidden_bias']]
2020-08-02 15:17:40,683 - INFO - allennlp.common.params - type = xavier_uniform
2020-08-02 15:17:40,683 - INFO - allennlp.common.params - gain = 1.0
2020-08-02 15:17:40,683 - INFO - allennlp.common.params - type = zero
2020-08-02 15:17:40,684 - INFO - allennlp.common.params - type = xavier_uniform
2020-08-02 15:17:40,684 - INFO - allennlp.common.params - gain = 1.0
2020-08-02 15:17:40,685 - INFO - allennlp.common.params - type = zero
2020-08-02 15:17:40,686 - INFO - allennlp.common.params - type = xavier_uniform
2020-08-02 15:17:40,686 - INFO - allennlp.common.params - gain = 1.0
2020-08-02 15:17:40,687 - INFO - allennlp.common.params - type = orthogonal
2020-08-02 15:17:40,687 - INFO - allennlp.common.params - gain = 1.0
2020-08-02 15:17:40,687 - INFO - allennlp.common.params - type = zero
2020-08-02 15:17:40,688 - INFO - allennlp.common.params - type = lstm_hidden_bias
2020-08-02 15:17:40,688 - INFO - allennlp.common.params - model.initializer.prevent_regexes = None
2020-08-02 15:17:40,688 - INFO - allennlp.common.params - model.top_k = 1
2020-08-02 15:17:40,689 - INFO - allennlp.nn.initializers - Initializing parameters
2020-08-02 15:17:40,691 - INFO - allennlp.nn.initializers - Initializing encoder._module.weight_ih_l0 using .*weight_ih.* initializer
2020-08-02 15:17:40,693 - INFO - allennlp.nn.initializers - Initializing encoder._module.weight_hh_l0 using .*weight_hh.* initializer
2020-08-02 15:17:40,732 - INFO - allennlp.nn.initializers - Initializing encoder._module.bias_ih_l0 using .*bias_ih.* initializer
2020-08-02 15:17:40,732 - INFO - allennlp.nn.initializers - Initializing encoder._module.bias_hh_l0 using .*bias_hh.* initializer
2020-08-02 15:17:40,733 - INFO - allennlp.nn.initializers - Initializing encoder._module.weight_ih_l0_reverse using .*weight_ih.* initializer
2020-08-02 15:17:40,735 - INFO - allennlp.nn.initializers - Initializing encoder._module.weight_hh_l0_reverse using .*weight_hh.* initializer
2020-08-02 15:17:40,741 - INFO - allennlp.nn.initializers - Initializing encoder._module.bias_ih_l0_reverse using .*bias_ih.* initializer
2020-08-02 15:17:40,741 - INFO - allennlp.nn.initializers - Initializing encoder._module.bias_hh_l0_reverse using .*bias_hh.* initializer
2020-08-02 15:17:40,742 - INFO - allennlp.nn.initializers - Initializing encoder._module.weight_ih_l1 using .*weight_ih.* initializer
2020-08-02 15:17:40,744 - INFO - allennlp.nn.initializers - Initializing encoder._module.weight_hh_l1 using .*weight_hh.* initializer
2020-08-02 15:17:40,750 - INFO - allennlp.nn.initializers - Initializing encoder._module.bias_ih_l1 using .*bias_ih.* initializer
2020-08-02 15:17:40,751 - INFO - allennlp.nn.initializers - Initializing encoder._module.bias_hh_l1 using .*bias_hh.* initializer
2020-08-02 15:17:40,751 - INFO - allennlp.nn.initializers - Initializing encoder._module.weight_ih_l1_reverse using .*weight_ih.* initializer
2020-08-02 15:17:40,754 - INFO - allennlp.nn.initializers - Initializing encoder._module.weight_hh_l1_reverse using .*weight_hh.* initializer
2020-08-02 15:17:40,760 - INFO - allennlp.nn.initializers - Initializing encoder._module.bias_ih_l1_reverse using .*bias_ih.* initializer
2020-08-02 15:17:40,760 - INFO - allennlp.nn.initializers - Initializing encoder._module.bias_hh_l1_reverse using .*bias_hh.* initializer
2020-08-02 15:17:40,760 - INFO - allennlp.nn.initializers - Initializing tag_projection_layer._module.weight using .*tag_projection_layer.*weight initializer
2020-08-02 15:17:40,760 - INFO - allennlp.nn.initializers - Initializing tag_projection_layer._module.bias using .*tag_projection_layer.*bias initializer
2020-08-02 15:17:40,760 - WARNING - allennlp.nn.initializers - Did not use initialization regex that was passed: .*feedforward.*bias
2020-08-02 15:17:40,760 - WARNING - allennlp.nn.initializers - Did not use initialization regex that was passed: .*feedforward.*weight
2020-08-02 15:17:40,760 - INFO - allennlp.nn.initializers - Done initializing parameters; the following parameters are using their default initialization from their code
2020-08-02 15:17:40,760 - INFO - allennlp.nn.initializers -    crf._constraint_mask
2020-08-02 15:17:40,760 - INFO - allennlp.nn.initializers -    crf.transitions
2020-08-02 15:17:40,761 - INFO - allennlp.nn.initializers -    text_field_embedder.token_embedder_token_characters._embedding._module.weight
2020-08-02 15:17:40,761 - INFO - allennlp.nn.initializers -    text_field_embedder.token_embedder_token_characters._encoder._module.conv_layer_0.bias
2020-08-02 15:17:40,761 - INFO - allennlp.nn.initializers -    text_field_embedder.token_embedder_token_characters._encoder._module.conv_layer_0.weight
2020-08-02 15:17:40,761 - INFO - allennlp.nn.initializers -    text_field_embedder.token_embedder_tokens.weight
2020-08-02 15:17:40,868 - INFO - allennlp.common.params - data_loader.type = default
2020-08-02 15:17:40,868 - INFO - allennlp.common.params - data_loader.batch_size = 32
2020-08-02 15:17:40,869 - INFO - allennlp.common.params - data_loader.shuffle = False
2020-08-02 15:17:40,869 - INFO - allennlp.common.params - data_loader.sampler = None
2020-08-02 15:17:40,869 - INFO - allennlp.common.params - data_loader.batch_sampler = None
2020-08-02 15:17:40,869 - INFO - allennlp.common.params - data_loader.num_workers = 0
2020-08-02 15:17:40,869 - INFO - allennlp.common.params - data_loader.pin_memory = False
2020-08-02 15:17:40,869 - INFO - allennlp.common.params - data_loader.drop_last = False
2020-08-02 15:17:40,869 - INFO - allennlp.common.params - data_loader.timeout = 0
2020-08-02 15:17:40,869 - INFO - allennlp.common.params - data_loader.worker_init_fn = None
2020-08-02 15:17:40,869 - INFO - allennlp.common.params - data_loader.multiprocessing_context = None
2020-08-02 15:17:40,870 - INFO - allennlp.common.params - data_loader.batches_per_epoch = None
2020-08-02 15:17:40,870 - INFO - allennlp.common.params - data_loader.type = default
2020-08-02 15:17:40,870 - INFO - allennlp.common.params - data_loader.batch_size = 32
2020-08-02 15:17:40,870 - INFO - allennlp.common.params - data_loader.shuffle = False
2020-08-02 15:17:40,871 - INFO - allennlp.common.params - data_loader.sampler = None
2020-08-02 15:17:40,871 - INFO - allennlp.common.params - data_loader.batch_sampler = None
2020-08-02 15:17:40,871 - INFO - allennlp.common.params - data_loader.num_workers = 0
2020-08-02 15:17:40,871 - INFO - allennlp.common.params - data_loader.pin_memory = False
2020-08-02 15:17:40,871 - INFO - allennlp.common.params - data_loader.drop_last = False
2020-08-02 15:17:40,871 - INFO - allennlp.common.params - data_loader.timeout = 0
2020-08-02 15:17:40,871 - INFO - allennlp.common.params - data_loader.worker_init_fn = None
2020-08-02 15:17:40,871 - INFO - allennlp.common.params - data_loader.multiprocessing_context = None
2020-08-02 15:17:40,871 - INFO - allennlp.common.params - data_loader.batches_per_epoch = None
2020-08-02 15:17:40,872 - INFO - allennlp.common.params - data_loader.type = default
2020-08-02 15:17:40,872 - INFO - allennlp.common.params - data_loader.batch_size = 32
2020-08-02 15:17:40,872 - INFO - allennlp.common.params - data_loader.shuffle = False
2020-08-02 15:17:40,872 - INFO - allennlp.common.params - data_loader.sampler = None
2020-08-02 15:17:40,872 - INFO - allennlp.common.params - data_loader.batch_sampler = None
2020-08-02 15:17:40,872 - INFO - allennlp.common.params - data_loader.num_workers = 0
2020-08-02 15:17:40,872 - INFO - allennlp.common.params - data_loader.pin_memory = False
2020-08-02 15:17:40,873 - INFO - allennlp.common.params - data_loader.drop_last = False
2020-08-02 15:17:40,873 - INFO - allennlp.common.params - data_loader.timeout = 0
2020-08-02 15:17:40,873 - INFO - allennlp.common.params - data_loader.worker_init_fn = None
2020-08-02 15:17:40,873 - INFO - allennlp.common.params - data_loader.multiprocessing_context = None
2020-08-02 15:17:40,873 - INFO - allennlp.common.params - data_loader.batches_per_epoch = None
2020-08-02 15:17:40,873 - INFO - allennlp.common.params - trainer.type = gradient_descent
2020-08-02 15:17:40,874 - INFO - allennlp.common.params - trainer.patience = 25
2020-08-02 15:17:40,874 - INFO - allennlp.common.params - trainer.validation_metric = +f1-measure-overall
2020-08-02 15:17:40,874 - INFO - allennlp.common.params - trainer.num_epochs = 10
2020-08-02 15:17:40,874 - INFO - allennlp.common.params - trainer.cuda_device = -1
2020-08-02 15:17:40,874 - INFO - allennlp.common.params - trainer.grad_norm = 5
2020-08-02 15:17:40,874 - INFO - allennlp.common.params - trainer.grad_clipping = None
2020-08-02 15:17:40,874 - INFO - allennlp.common.params - trainer.distributed = None
2020-08-02 15:17:40,874 - INFO - allennlp.common.params - trainer.world_size = 1
2020-08-02 15:17:40,875 - INFO - allennlp.common.params - trainer.num_gradient_accumulation_steps = 1
2020-08-02 15:17:40,875 - INFO - allennlp.common.params - trainer.opt_level = None
2020-08-02 15:17:40,875 - INFO - allennlp.common.params - trainer.no_grad = None
2020-08-02 15:17:40,875 - INFO - allennlp.common.params - trainer.learning_rate_scheduler = None
2020-08-02 15:17:40,875 - INFO - allennlp.common.params - trainer.momentum_scheduler = None
2020-08-02 15:17:40,875 - INFO - allennlp.common.params - trainer.tensorboard_writer = None
2020-08-02 15:17:40,875 - INFO - allennlp.common.params - trainer.moving_average = None
2020-08-02 15:17:40,875 - INFO - allennlp.common.params - trainer.checkpointer = None
2020-08-02 15:17:40,876 - INFO - allennlp.common.params - trainer.batch_callbacks = None
2020-08-02 15:17:40,876 - INFO - allennlp.common.params - trainer.epoch_callbacks = None
2020-08-02 15:17:40,876 - INFO - allennlp.common.util - The following parameters are Frozen (without gradient):
2020-08-02 15:17:40,876 - INFO - allennlp.common.util - crf._constraint_mask
2020-08-02 15:17:40,876 - INFO - allennlp.common.util - The following parameters are Tunable (with gradient):
2020-08-02 15:17:40,876 - INFO - allennlp.common.util - text_field_embedder.token_embedder_token_characters._embedding._module.weight
2020-08-02 15:17:40,876 - INFO - allennlp.common.util - text_field_embedder.token_embedder_token_characters._encoder._module.conv_layer_0.weight
2020-08-02 15:17:40,876 - INFO - allennlp.common.util - text_field_embedder.token_embedder_token_characters._encoder._module.conv_layer_0.bias
2020-08-02 15:17:40,877 - INFO - allennlp.common.util - text_field_embedder.token_embedder_tokens.weight
2020-08-02 15:17:40,877 - INFO - allennlp.common.util - encoder._module.weight_ih_l0
2020-08-02 15:17:40,877 - INFO - allennlp.common.util - encoder._module.weight_hh_l0
2020-08-02 15:17:40,877 - INFO - allennlp.common.util - encoder._module.bias_ih_l0
2020-08-02 15:17:40,877 - INFO - allennlp.common.util - encoder._module.bias_hh_l0
2020-08-02 15:17:40,877 - INFO - allennlp.common.util - encoder._module.weight_ih_l0_reverse
2020-08-02 15:17:40,877 - INFO - allennlp.common.util - encoder._module.weight_hh_l0_reverse
2020-08-02 15:17:40,877 - INFO - allennlp.common.util - encoder._module.bias_ih_l0_reverse
2020-08-02 15:17:40,877 - INFO - allennlp.common.util - encoder._module.bias_hh_l0_reverse
2020-08-02 15:17:40,877 - INFO - allennlp.common.util - encoder._module.weight_ih_l1
2020-08-02 15:17:40,877 - INFO - allennlp.common.util - encoder._module.weight_hh_l1
2020-08-02 15:17:40,878 - INFO - allennlp.common.util - encoder._module.bias_ih_l1
2020-08-02 15:17:40,883 - INFO - allennlp.common.util - encoder._module.bias_hh_l1
2020-08-02 15:17:40,883 - INFO - allennlp.common.util - encoder._module.weight_ih_l1_reverse
2020-08-02 15:17:40,884 - INFO - allennlp.common.util - encoder._module.weight_hh_l1_reverse
2020-08-02 15:17:40,884 - INFO - allennlp.common.util - encoder._module.bias_ih_l1_reverse
2020-08-02 15:17:40,884 - INFO - allennlp.common.util - encoder._module.bias_hh_l1_reverse
2020-08-02 15:17:40,884 - INFO - allennlp.common.util - tag_projection_layer._module.weight
2020-08-02 15:17:40,884 - INFO - allennlp.common.util - tag_projection_layer._module.bias
2020-08-02 15:17:40,884 - INFO - allennlp.common.util - crf.transitions
2020-08-02 15:17:40,884 - INFO - allennlp.common.params - trainer.optimizer.type = adam
2020-08-02 15:17:40,885 - INFO - allennlp.common.params - trainer.optimizer.parameter_groups = None
2020-08-02 15:17:40,885 - INFO - allennlp.common.params - trainer.optimizer.lr = 0.01
2020-08-02 15:17:40,885 - INFO - allennlp.common.params - trainer.optimizer.betas = (0.9, 0.999)
2020-08-02 15:17:40,885 - INFO - allennlp.common.params - trainer.optimizer.eps = 1e-08
2020-08-02 15:17:40,885 - INFO - allennlp.common.params - trainer.optimizer.weight_decay = 0.0
2020-08-02 15:17:40,885 - INFO - allennlp.common.params - trainer.optimizer.amsgrad = False
2020-08-02 15:17:40,885 - INFO - allennlp.training.optimizers - Number of trainable parameters: 13639270
2020-08-02 15:17:40,894 - INFO - allennlp.training.trainer - Beginning training.
2020-08-02 15:17:40,895 - INFO - allennlp.training.trainer - Epoch 0/9
2020-08-02 15:17:40,895 - INFO - allennlp.training.trainer - Peak CPU memory usage MB: 796.516352
2020-08-02 15:17:40,919 - INFO - allennlp.training.trainer - Training
2020-08-02 15:30:57,130 - INFO - allennlp.training.trainer - Validating
2020-08-02 15:34:34,060 - INFO - allennlp.training.tensorboard_writer -                        Training |  Validation
2020-08-02 15:34:34,105 - INFO - allennlp.training.tensorboard_writer - loss               |    98.537  |   187.270
2020-08-02 15:34:34,107 - INFO - allennlp.training.tensorboard_writer - precision-overall  |     0.431  |     0.000
2020-08-02 15:34:34,108 - INFO - allennlp.training.tensorboard_writer - cpu_memory_MB      |   796.516  |       N/A
2020-08-02 15:34:34,108 - INFO - allennlp.training.tensorboard_writer - accuracy3          |     0.998  |     0.998
2020-08-02 15:34:34,109 - INFO - allennlp.training.tensorboard_writer - accuracy           |     0.949  |     0.945
2020-08-02 15:34:34,110 - INFO - allennlp.training.tensorboard_writer - f1-measure-overall |     0.377  |     0.000
2020-08-02 15:34:34,111 - INFO - allennlp.training.tensorboard_writer - reg_loss           |     0.000  |     0.000
2020-08-02 15:34:34,112 - INFO - allennlp.training.tensorboard_writer - recall-overall     |     0.335  |     0.000
2020-08-02 15:34:34,730 - INFO - allennlp.training.checkpointer - Best validation performance so far. Copying weights to 'project/model/best.th'.
2020-08-02 15:34:34,815 - INFO - allennlp.training.trainer - Epoch duration: 0:16:53.920017
2020-08-02 15:34:34,910 - INFO - allennlp.training.trainer - Estimated training time remaining: 2:32:06
2020-08-02 15:34:34,910 - INFO - allennlp.training.trainer - Epoch 1/9
2020-08-02 15:34:34,911 - INFO - allennlp.training.trainer - Peak CPU memory usage MB: 5397.004288
2020-08-02 15:34:34,992 - INFO - allennlp.training.trainer - Training
2020-08-02 15:48:59,987 - INFO - allennlp.training.trainer - Validating
2020-08-02 15:52:15,554 - INFO - allennlp.training.tensorboard_writer -                        Training |  Validation
2020-08-02 15:52:15,559 - INFO - allennlp.training.tensorboard_writer - loss               |    77.130  |   152.492
2020-08-02 15:52:15,561 - INFO - allennlp.training.tensorboard_writer - precision-overall  |     0.518  |     0.000
2020-08-02 15:52:15,562 - INFO - allennlp.training.tensorboard_writer - cpu_memory_MB      |  5397.004  |       N/A
2020-08-02 15:52:15,563 - INFO - allennlp.training.tensorboard_writer - accuracy3          |     0.998  |     0.998
2020-08-02 15:52:15,564 - INFO - allennlp.training.tensorboard_writer - accuracy           |     0.954  |     0.945
2020-08-02 15:52:15,565 - INFO - allennlp.training.tensorboard_writer - f1-measure-overall |     0.407  |     0.000
2020-08-02 15:52:15,566 - INFO - allennlp.training.tensorboard_writer - reg_loss           |     0.000  |     0.000
2020-08-02 15:52:15,567 - INFO - allennlp.training.tensorboard_writer - recall-overall     |     0.335  |     0.000
2020-08-02 15:52:16,101 - INFO - allennlp.training.trainer - Epoch duration: 0:17:41.190966
2020-08-02 15:52:16,102 - INFO - allennlp.training.trainer - Estimated training time remaining: 2:18:20
2020-08-02 15:52:16,102 - INFO - allennlp.training.trainer - Epoch 2/9
2020-08-02 15:52:16,104 - INFO - allennlp.training.trainer - Peak CPU memory usage MB: 5458.20672
2020-08-02 15:52:16,145 - INFO - allennlp.training.trainer - Training
2020-08-02 16:06:45,571 - INFO - allennlp.training.trainer - Validating
2020-08-02 16:09:57,948 - INFO - allennlp.training.tensorboard_writer -                        Training |  Validation
2020-08-02 16:09:57,953 - INFO - allennlp.training.tensorboard_writer - loss               |    78.638  |   174.135
2020-08-02 16:09:57,956 - INFO - allennlp.training.tensorboard_writer - precision-overall  |     0.520  |     0.000
2020-08-02 16:09:57,957 - INFO - allennlp.training.tensorboard_writer - cpu_memory_MB      |  5458.207  |       N/A
2020-08-02 16:09:57,959 - INFO - allennlp.training.tensorboard_writer - accuracy3          |     0.998  |     0.998
2020-08-02 16:09:57,959 - INFO - allennlp.training.tensorboard_writer - accuracy           |     0.954  |     0.945
2020-08-02 16:09:57,960 - INFO - allennlp.training.tensorboard_writer - f1-measure-overall |     0.409  |     0.000
2020-08-02 16:09:57,960 - INFO - allennlp.training.tensorboard_writer - reg_loss           |     0.000  |     0.000
2020-08-02 16:09:57,961 - INFO - allennlp.training.tensorboard_writer - recall-overall     |     0.337  |     0.000
2020-08-02 16:09:58,543 - INFO - allennlp.training.trainer - Epoch duration: 0:17:42.440925
2020-08-02 16:09:58,543 - INFO - allennlp.training.trainer - Estimated training time remaining: 2:02:01
2020-08-02 16:09:58,544 - INFO - allennlp.training.trainer - Epoch 3/9
2020-08-02 16:09:58,544 - INFO - allennlp.training.trainer - Peak CPU memory usage MB: 5559.279616
2020-08-02 16:09:58,587 - INFO - allennlp.training.trainer - Training
2020-08-02 16:24:55,800 - INFO - allennlp.training.trainer - Validating
2020-08-02 16:28:10,048 - INFO - allennlp.training.tensorboard_writer -                        Training |  Validation
2020-08-02 16:28:10,056 - INFO - allennlp.training.tensorboard_writer - loss               |    77.267  |   130.571
2020-08-02 16:28:10,059 - INFO - allennlp.training.tensorboard_writer - precision-overall  |     0.490  |     0.000
2020-08-02 16:28:10,060 - INFO - allennlp.training.tensorboard_writer - cpu_memory_MB      |  5559.280  |       N/A
2020-08-02 16:28:10,061 - INFO - allennlp.training.tensorboard_writer - accuracy3          |     0.998  |     0.998
2020-08-02 16:28:10,062 - INFO - allennlp.training.tensorboard_writer - accuracy           |     0.953  |     0.945
2020-08-02 16:28:10,063 - INFO - allennlp.training.tensorboard_writer - f1-measure-overall |     0.385  |     0.000
2020-08-02 16:28:10,064 - INFO - allennlp.training.tensorboard_writer - reg_loss           |     0.000  |     0.000
2020-08-02 16:28:10,064 - INFO - allennlp.training.tensorboard_writer - recall-overall     |     0.318  |     0.000
2020-08-02 16:28:10,655 - INFO - allennlp.training.trainer - Epoch duration: 0:18:12.110974
2020-08-02 16:28:10,655 - INFO - allennlp.training.trainer - Estimated training time remaining: 1:45:44
2020-08-02 16:28:10,656 - INFO - allennlp.training.trainer - Epoch 4/9
2020-08-02 16:28:10,656 - INFO - allennlp.training.trainer - Peak CPU memory usage MB: 5559.279616
2020-08-02 16:28:10,699 - INFO - allennlp.training.trainer - Training
2020-08-02 16:43:00,459 - INFO - allennlp.training.trainer - Validating
2020-08-02 16:46:13,450 - INFO - allennlp.training.tensorboard_writer -                        Training |  Validation
2020-08-02 16:46:13,457 - INFO - allennlp.training.tensorboard_writer - loss               |    71.595  |   139.101
2020-08-02 16:46:13,459 - INFO - allennlp.training.tensorboard_writer - precision-overall  |     0.504  |     0.000
2020-08-02 16:46:13,460 - INFO - allennlp.training.tensorboard_writer - cpu_memory_MB      |  5559.280  |       N/A
2020-08-02 16:46:13,461 - INFO - allennlp.training.tensorboard_writer - accuracy3          |     0.998  |     0.998
2020-08-02 16:46:13,462 - INFO - allennlp.training.tensorboard_writer - accuracy           |     0.953  |     0.945
2020-08-02 16:46:13,464 - INFO - allennlp.training.tensorboard_writer - f1-measure-overall |     0.388  |     0.000
2020-08-02 16:46:13,464 - INFO - allennlp.training.tensorboard_writer - reg_loss           |     0.000  |     0.000
2020-08-02 16:46:13,465 - INFO - allennlp.training.tensorboard_writer - recall-overall     |     0.315  |     0.000
2020-08-02 16:46:14,068 - INFO - allennlp.training.trainer - Epoch duration: 0:18:03.412290
2020-08-02 16:46:14,069 - INFO - allennlp.training.trainer - Estimated training time remaining: 1:28:33
2020-08-02 16:46:14,069 - INFO - allennlp.training.trainer - Epoch 5/9
2020-08-02 16:46:14,070 - INFO - allennlp.training.trainer - Peak CPU memory usage MB: 5570.445312
2020-08-02 16:46:14,108 - INFO - allennlp.training.trainer - Training
2020-08-02 17:01:48,071 - INFO - allennlp.training.trainer - Validating
2020-08-02 17:05:03,428 - INFO - allennlp.training.tensorboard_writer -                        Training |  Validation
2020-08-02 17:05:03,434 - INFO - allennlp.training.tensorboard_writer - loss               |    66.575  |   145.207
2020-08-02 17:05:03,436 - INFO - allennlp.training.tensorboard_writer - precision-overall  |     0.468  |     0.000
2020-08-02 17:05:03,436 - INFO - allennlp.training.tensorboard_writer - cpu_memory_MB      |  5570.445  |       N/A
2020-08-02 17:05:03,437 - INFO - allennlp.training.tensorboard_writer - accuracy3          |     0.998  |     0.998
2020-08-02 17:05:03,438 - INFO - allennlp.training.tensorboard_writer - accuracy           |     0.951  |     0.945
2020-08-02 17:05:03,439 - INFO - allennlp.training.tensorboard_writer - f1-measure-overall |     0.359  |     0.000
2020-08-02 17:05:03,439 - INFO - allennlp.training.tensorboard_writer - reg_loss           |     0.000  |     0.000
2020-08-02 17:05:03,440 - INFO - allennlp.training.tensorboard_writer - recall-overall     |     0.292  |     0.000
2020-08-02 17:05:04,011 - INFO - allennlp.training.trainer - Epoch duration: 0:18:49.941910
2020-08-02 17:05:04,012 - INFO - allennlp.training.trainer - Estimated training time remaining: 1:11:35
2020-08-02 17:05:04,012 - INFO - allennlp.training.trainer - Epoch 6/9
2020-08-02 17:05:04,013 - INFO - allennlp.training.trainer - Peak CPU memory usage MB: 5570.445312
2020-08-02 17:05:04,057 - INFO - allennlp.training.trainer - Training
2020-08-02 17:21:12,035 - INFO - allennlp.training.trainer - Validating
2020-08-02 17:24:22,720 - INFO - allennlp.training.tensorboard_writer -                        Training |  Validation
2020-08-02 17:24:22,726 - INFO - allennlp.training.tensorboard_writer - loss               |    66.298  |   128.919
2020-08-02 17:24:22,730 - INFO - allennlp.training.tensorboard_writer - precision-overall  |     0.456  |     1.000
2020-08-02 17:24:22,731 - INFO - allennlp.training.tensorboard_writer - cpu_memory_MB      |  5570.445  |       N/A
2020-08-02 17:24:22,732 - INFO - allennlp.training.tensorboard_writer - accuracy3          |     0.998  |     0.998
2020-08-02 17:24:22,733 - INFO - allennlp.training.tensorboard_writer - accuracy           |     0.951  |     0.945
2020-08-02 17:24:22,733 - INFO - allennlp.training.tensorboard_writer - f1-measure-overall |     0.332  |     0.000
2020-08-02 17:24:22,734 - INFO - allennlp.training.tensorboard_writer - reg_loss           |     0.000  |     0.000
2020-08-02 17:24:22,735 - INFO - allennlp.training.tensorboard_writer - recall-overall     |     0.261  |     0.000
2020-08-02 17:24:23,273 - INFO - allennlp.training.checkpointer - Best validation performance so far. Copying weights to 'project/model/best.th'.
2020-08-02 17:24:23,393 - INFO - allennlp.training.trainer - Epoch duration: 0:19:19.380424
2020-08-02 17:24:23,393 - INFO - allennlp.training.trainer - Estimated training time remaining: 0:54:18
2020-08-02 17:24:23,394 - INFO - allennlp.training.trainer - Epoch 7/9
2020-08-02 17:24:23,394 - INFO - allennlp.training.trainer - Peak CPU memory usage MB: 5570.445312
2020-08-02 17:24:23,461 - INFO - allennlp.training.trainer - Training
2020-08-02 17:40:13,624 - INFO - allennlp.training.trainer - Validating
2020-08-02 17:43:28,276 - INFO - allennlp.training.tensorboard_writer -                        Training |  Validation
2020-08-02 17:43:28,284 - INFO - allennlp.training.tensorboard_writer - loss               |    61.950  |   128.148
2020-08-02 17:43:28,287 - INFO - allennlp.training.tensorboard_writer - precision-overall  |     0.463  |     0.632
2020-08-02 17:43:28,287 - INFO - allennlp.training.tensorboard_writer - cpu_memory_MB      |  5570.445  |       N/A
2020-08-02 17:43:28,288 - INFO - allennlp.training.tensorboard_writer - accuracy3          |     0.998  |     0.998
2020-08-02 17:43:28,289 - INFO - allennlp.training.tensorboard_writer - accuracy           |     0.951  |     0.945
2020-08-02 17:43:28,290 - INFO - allennlp.training.tensorboard_writer - f1-measure-overall |     0.332  |     0.001
2020-08-02 17:43:28,291 - INFO - allennlp.training.tensorboard_writer - reg_loss           |     0.000  |     0.000
2020-08-02 17:43:28,292 - INFO - allennlp.training.tensorboard_writer - recall-overall     |     0.258  |     0.001
2020-08-02 17:43:28,829 - INFO - allennlp.training.checkpointer - Best validation performance so far. Copying weights to 'project/model/best.th'.
2020-08-02 17:43:28,945 - INFO - allennlp.training.trainer - Epoch duration: 0:19:05.551687
2020-08-02 17:43:28,946 - INFO - allennlp.training.trainer - Estimated training time remaining: 0:36:27
2020-08-02 17:43:28,947 - INFO - allennlp.training.trainer - Epoch 8/9
2020-08-02 17:43:28,947 - INFO - allennlp.training.trainer - Peak CPU memory usage MB: 5570.445312
2020-08-02 17:43:28,986 - INFO - allennlp.training.trainer - Training
2020-08-02 17:59:13,755 - INFO - allennlp.training.trainer - Validating
2020-08-02 18:02:21,310 - INFO - allennlp.training.tensorboard_writer -                        Training |  Validation
2020-08-02 18:02:21,315 - INFO - allennlp.training.tensorboard_writer - loss               |    60.148  |   135.416
2020-08-02 18:02:21,317 - INFO - allennlp.training.tensorboard_writer - precision-overall  |     0.502  |     0.000
2020-08-02 18:02:21,319 - INFO - allennlp.training.tensorboard_writer - cpu_memory_MB      |  5570.445  |       N/A
2020-08-02 18:02:21,319 - INFO - allennlp.training.tensorboard_writer - accuracy3          |     0.998  |     0.998
2020-08-02 18:02:21,320 - INFO - allennlp.training.tensorboard_writer - accuracy           |     0.953  |     0.945
2020-08-02 18:02:21,321 - INFO - allennlp.training.tensorboard_writer - f1-measure-overall |     0.319  |     0.000
2020-08-02 18:02:21,321 - INFO - allennlp.training.tensorboard_writer - reg_loss           |     0.000  |     0.000
2020-08-02 18:02:21,322 - INFO - allennlp.training.tensorboard_writer - recall-overall     |     0.234  |     0.000
2020-08-02 18:02:21,843 - INFO - allennlp.training.trainer - Epoch duration: 0:18:52.896069
2020-08-02 18:02:21,843 - INFO - allennlp.training.trainer - Estimated training time remaining: 0:18:17
2020-08-02 18:02:21,843 - INFO - allennlp.training.trainer - Epoch 9/9
2020-08-02 18:02:21,843 - INFO - allennlp.training.trainer - Peak CPU memory usage MB: 5570.445312
2020-08-02 18:02:21,883 - INFO - allennlp.training.trainer - Training
2020-08-02 18:17:53,722 - INFO - allennlp.training.trainer - Validating
2020-08-02 18:21:03,386 - INFO - allennlp.training.tensorboard_writer -                        Training |  Validation
2020-08-02 18:21:03,394 - INFO - allennlp.training.tensorboard_writer - loss               |    63.204  |   112.050
2020-08-02 18:21:03,395 - INFO - allennlp.training.tensorboard_writer - precision-overall  |     0.469  |     0.000
2020-08-02 18:21:03,395 - INFO - allennlp.training.tensorboard_writer - cpu_memory_MB      |  5570.445  |       N/A
2020-08-02 18:21:03,396 - INFO - allennlp.training.tensorboard_writer - accuracy3          |     0.998  |     0.998
2020-08-02 18:21:03,396 - INFO - allennlp.training.tensorboard_writer - accuracy           |     0.952  |     0.945
2020-08-02 18:21:03,397 - INFO - allennlp.training.tensorboard_writer - f1-measure-overall |     0.327  |     0.000
2020-08-02 18:21:03,398 - INFO - allennlp.training.tensorboard_writer - reg_loss           |     0.000  |     0.000
2020-08-02 18:21:03,398 - INFO - allennlp.training.tensorboard_writer - recall-overall     |     0.251  |     0.000
2020-08-02 18:21:04,017 - INFO - allennlp.training.trainer - Epoch duration: 0:18:42.173407
2020-08-02 18:21:04,109 - INFO - allennlp.training.checkpointer - loading best weights
2020-08-02 18:21:04,240 - INFO - allennlp.commands.train - The model will be evaluated using the best epoch weights.
2020-08-02 18:21:04,243 - INFO - allennlp.training.util - Iterating over dataset
2020-08-02 18:23:20,747 - INFO - allennlp.common.util - Metrics: {
  "best_epoch": 7,
  "peak_cpu_memory_MB": 5570.445312,
  "training_duration": "3:03:22.504325",
  "training_start_epoch": 0,
  "training_epochs": 9,
  "epoch": 9,
  "training_accuracy": 0.9517826645675599,
  "training_accuracy3": 0.9980001001340684,
  "training_precision-overall": 0.46855309886584945,
  "training_recall-overall": 0.2505513354569958,
  "training_f1-measure-overall": 0.32650780345662644,
  "training_loss": 63.20391417159209,
  "training_reg_loss": 0.0,
  "training_cpu_memory_MB": 5570.445312,
  "validation_accuracy": 0.9451469002936219,
  "validation_accuracy3": 0.9980613806781297,
  "validation_precision-overall": 0.0,
  "validation_recall-overall": 0.0,
  "validation_f1-measure-overall": 0.0,
  "validation_loss": 112.05013509285756,
  "validation_reg_loss": 0.0,
  "best_validation_accuracy": 0.9451617898429451,
  "best_validation_accuracy3": 0.9980613806781297,
  "best_validation_precision-overall": 0.6315789473684178,
  "best_validation_recall-overall": 0.0006753334458889077,
  "best_validation_f1-measure-overall": 0.0013492241960870366,
  "best_validation_loss": 128.1480543210512,
  "best_validation_reg_loss": 0.0,
  "test_accuracy": 0.9610228913177975,
  "test_accuracy3": 0.9979445933869526,
  "test_precision-overall": 0.9166666666666591,
  "test_recall-overall": 0.0010230654761904762,
  "test_f1-measure-overall": 0.002043849869936604,
  "test_loss": 85.25931318239732
}
2020-08-02 18:23:20,858 - INFO - allennlp.models.archival - archiving weights and vocabulary to project/model/model.tar.gz
